{"/home/vfrancois/github/myqlobber/Gruntfile.js":{"path":"/home/vfrancois/github/myqlobber/Gruntfile.js","s":{"1":1,"2":1,"3":2,"4":2,"5":3,"6":2,"7":2,"8":2,"9":1,"10":2,"11":2,"12":1,"13":1,"14":1,"15":1,"16":1,"17":1,"18":1,"19":1,"20":1,"21":1,"22":1,"23":1,"24":1,"25":1,"26":1,"27":1},"b":{"1":[2,1],"2":[1,1]},"f":{"1":2,"2":1},"fnMap":{"1":{"name":"(anonymous_1)","line":11,"loc":{"start":{"line":11,"column":21},"end":{"line":12,"column":0}}},"2":{"name":"(anonymous_2)","line":39,"loc":{"start":{"line":39,"column":17},"end":{"line":40,"column":0}}}},"statementMap":{"1":{"start":{"line":8,"column":0},"end":{"line":9,"column":39}},"2":{"start":{"line":11,"column":0},"end":{"line":33,"column":2}},"3":{"start":{"line":13,"column":4},"end":{"line":13,"column":51}},"4":{"start":{"line":15,"column":4},"end":{"line":30,"column":5}},"5":{"start":{"line":17,"column":8},"end":{"line":29,"column":9}},"6":{"start":{"line":19,"column":12},"end":{"line":19,"column":32}},"7":{"start":{"line":21,"column":12},"end":{"line":21,"column":33}},"8":{"start":{"line":23,"column":12},"end":{"line":26,"column":13}},"9":{"start":{"line":25,"column":16},"end":{"line":25,"column":47}},"10":{"start":{"line":28,"column":12},"end":{"line":28,"column":18}},"11":{"start":{"line":32,"column":4},"end":{"line":32,"column":48}},"12":{"start":{"line":36,"column":0},"end":{"line":36,"column":78}},"13":{"start":{"line":37,"column":0},"end":{"line":37,"column":96}},"14":{"start":{"line":39,"column":0},"end":{"line":99,"column":2}},"15":{"start":{"line":41,"column":4},"end":{"line":84,"column":7}},"16":{"start":{"line":86,"column":4},"end":{"line":86,"column":39}},"17":{"start":{"line":87,"column":4},"end":{"line":87,"column":43}},"18":{"start":{"line":88,"column":4},"end":{"line":88,"column":39}},"19":{"start":{"line":89,"column":4},"end":{"line":89,"column":37}},"20":{"start":{"line":91,"column":4},"end":{"line":91,"column":45}},"21":{"start":{"line":92,"column":4},"end":{"line":92,"column":44}},"22":{"start":{"line":93,"column":4},"end":{"line":93,"column":41}},"23":{"start":{"line":94,"column":4},"end":{"line":94,"column":71}},"24":{"start":{"line":95,"column":4},"end":{"line":95,"column":54}},"25":{"start":{"line":96,"column":4},"end":{"line":96,"column":46}},"26":{"start":{"line":97,"column":4},"end":{"line":97,"column":58}},"27":{"start":{"line":98,"column":4},"end":{"line":98,"column":59}}},"branchMap":{"1":{"line":17,"type":"if","locations":[{"start":{"line":17,"column":8},"end":{"line":17,"column":8}},{"start":{"line":17,"column":8},"end":{"line":17,"column":8}}]},"2":{"line":23,"type":"if","locations":[{"start":{"line":23,"column":12},"end":{"line":23,"column":12}},{"start":{"line":23,"column":12},"end":{"line":23,"column":12}}]}}},"/home/vfrancois/github/myqlobber/index.js":{"path":"/home/vfrancois/github/myqlobber/index.js","s":{"1":1},"b":{},"f":{},"fnMap":{},"statementMap":{"1":{"start":{"line":3,"column":0},"end":{"line":3,"column":42}}},"branchMap":{}},"/home/vfrancois/github/myqlobber/lib/qlobber.js":{"path":"/home/vfrancois/github/myqlobber/lib/qlobber.js","s":{"1":1,"2":9,"3":9,"4":9,"5":9,"6":1,"7":232,"8":232,"9":67,"10":67,"11":63,"12":67,"13":165,"14":165,"15":165,"16":91,"17":165,"18":1,"19":55,"20":55,"21":16,"22":16,"23":39,"24":39,"25":39,"26":2,"27":37,"28":37,"29":17,"30":20,"31":1,"32":206,"33":206,"34":31,"35":31,"36":175,"37":175,"38":0,"39":175,"40":175,"41":50,"42":125,"43":125,"44":20,"45":105,"46":11,"47":11,"48":17,"49":17,"50":5,"51":100,"52":1,"53":67,"54":67,"55":1,"56":18,"57":18,"58":1,"59":76,"60":1,"61":1,"62":1,"63":1,"64":3,"65":1},"b":{"1":[9,8],"2":[9,8],"3":[9,8],"4":[67,165],"5":[63,4],"6":[91,74],"7":[16,39],"8":[2,37],"9":[31,175],"10":[0,175],"11":[50,125],"12":[175,69],"13":[20,105],"14":[125,51,50],"15":[11,94],"16":[5,12],"17":[17,12,11]},"f":{"1":9,"2":232,"3":55,"4":206,"5":67,"6":18,"7":76,"8":1,"9":3},"fnMap":{"1":{"name":"Qlobber","line":58,"loc":{"start":{"line":58,"column":0},"end":{"line":59,"column":0}}},"2":{"name":"(anonymous_2)","line":67,"loc":{"start":{"line":67,"column":25},"end":{"line":68,"column":0}}},"3":{"name":"(anonymous_3)","line":94,"loc":{"start":{"line":94,"column":28},"end":{"line":95,"column":0}}},"4":{"name":"(anonymous_4)","line":124,"loc":{"start":{"line":124,"column":27},"end":{"line":125,"column":0}}},"5":{"name":"(anonymous_5)","line":175,"loc":{"start":{"line":175,"column":24},"end":{"line":176,"column":0}}},"6":{"name":"(anonymous_6)","line":187,"loc":{"start":{"line":187,"column":27},"end":{"line":188,"column":0}}},"7":{"name":"(anonymous_7)","line":199,"loc":{"start":{"line":199,"column":26},"end":{"line":200,"column":0}}},"8":{"name":"(anonymous_8)","line":211,"loc":{"start":{"line":211,"column":26},"end":{"line":212,"column":0}}},"9":{"name":"(anonymous_9)","line":218,"loc":{"start":{"line":218,"column":29},"end":{"line":219,"column":0}}}},"statementMap":{"1":{"start":{"line":58,"column":0},"end":{"line":65,"column":1}},"2":{"start":{"line":60,"column":4},"end":{"line":60,"column":28}},"3":{"start":{"line":62,"column":4},"end":{"line":62,"column":47}},"4":{"start":{"line":63,"column":4},"end":{"line":63,"column":45}},"5":{"start":{"line":64,"column":4},"end":{"line":64,"column":20}},"6":{"start":{"line":67,"column":0},"end":{"line":92,"column":2}},"7":{"start":{"line":69,"column":4},"end":{"line":69,"column":17}},"8":{"start":{"line":71,"column":4},"end":{"line":81,"column":5}},"9":{"start":{"line":73,"column":8},"end":{"line":73,"column":39}},"10":{"start":{"line":75,"column":8},"end":{"line":78,"column":9}},"11":{"start":{"line":77,"column":12},"end":{"line":77,"column":45}},"12":{"start":{"line":80,"column":8},"end":{"line":80,"column":15}},"13":{"start":{"line":83,"column":4},"end":{"line":83,"column":20}},"14":{"start":{"line":84,"column":4},"end":{"line":84,"column":24}},"15":{"start":{"line":86,"column":4},"end":{"line":89,"column":5}},"16":{"start":{"line":88,"column":8},"end":{"line":88,"column":33}},"17":{"start":{"line":91,"column":4},"end":{"line":91,"column":32}},"18":{"start":{"line":94,"column":0},"end":{"line":122,"column":2}},"19":{"start":{"line":96,"column":4},"end":{"line":96,"column":17}},"20":{"start":{"line":98,"column":4},"end":{"line":102,"column":5}},"21":{"start":{"line":100,"column":8},"end":{"line":100,"column":41}},"22":{"start":{"line":101,"column":8},"end":{"line":101,"column":15}},"23":{"start":{"line":104,"column":4},"end":{"line":104,"column":20}},"24":{"start":{"line":105,"column":4},"end":{"line":105,"column":24}},"25":{"start":{"line":107,"column":4},"end":{"line":110,"column":5}},"26":{"start":{"line":109,"column":8},"end":{"line":109,"column":15}},"27":{"start":{"line":112,"column":4},"end":{"line":112,"column":35}},"28":{"start":{"line":115,"column":4},"end":{"line":118,"column":5}},"29":{"start":{"line":117,"column":8},"end":{"line":117,"column":15}},"30":{"start":{"line":121,"column":4},"end":{"line":121,"column":26}},"31":{"start":{"line":124,"column":0},"end":{"line":167,"column":2}},"32":{"start":{"line":126,"column":4},"end":{"line":126,"column":29}},"33":{"start":{"line":129,"column":4},"end":{"line":134,"column":5}},"34":{"start":{"line":131,"column":8},"end":{"line":131,"column":39}},"35":{"start":{"line":133,"column":8},"end":{"line":133,"column":32}},"36":{"start":{"line":136,"column":4},"end":{"line":136,"column":20}},"37":{"start":{"line":139,"column":4},"end":{"line":141,"column":5}},"38":{"start":{"line":140,"column":8},"end":{"line":140,"column":21},"skip":true},"39":{"start":{"line":143,"column":4},"end":{"line":143,"column":24}},"40":{"start":{"line":145,"column":4},"end":{"line":147,"column":5}},"41":{"start":{"line":146,"column":8},"end":{"line":146,"column":20}},"42":{"start":{"line":149,"column":4},"end":{"line":149,"column":34}},"43":{"start":{"line":151,"column":4},"end":{"line":153,"column":5}},"44":{"start":{"line":152,"column":8},"end":{"line":152,"column":20}},"45":{"start":{"line":155,"column":4},"end":{"line":164,"column":5}},"46":{"start":{"line":156,"column":8},"end":{"line":156,"column":37}},"47":{"start":{"line":157,"column":8},"end":{"line":163,"column":9}},"48":{"start":{"line":159,"column":12},"end":{"line":159,"column":24}},"49":{"start":{"line":160,"column":12},"end":{"line":162,"column":13}},"50":{"start":{"line":161,"column":16},"end":{"line":161,"column":28}},"51":{"start":{"line":166,"column":4},"end":{"line":166,"column":17}},"52":{"start":{"line":175,"column":0},"end":{"line":179,"column":2}},"53":{"start":{"line":177,"column":4},"end":{"line":177,"column":59}},"54":{"start":{"line":178,"column":4},"end":{"line":178,"column":16}},"55":{"start":{"line":187,"column":0},"end":{"line":191,"column":2}},"56":{"start":{"line":189,"column":4},"end":{"line":189,"column":62}},"57":{"start":{"line":190,"column":4},"end":{"line":190,"column":16}},"58":{"start":{"line":199,"column":0},"end":{"line":202,"column":2}},"59":{"start":{"line":201,"column":4},"end":{"line":201,"column":68}},"60":{"start":{"line":211,"column":0},"end":{"line":215,"column":2}},"61":{"start":{"line":213,"column":4},"end":{"line":213,"column":20}},"62":{"start":{"line":214,"column":4},"end":{"line":214,"column":16}},"63":{"start":{"line":218,"column":0},"end":{"line":221,"column":2}},"64":{"start":{"line":220,"column":4},"end":{"line":220,"column":22}},"65":{"start":{"line":223,"column":0},"end":{"line":223,"column":26}}},"branchMap":{"1":{"line":60,"type":"binary-expr","locations":[{"start":{"line":60,"column":14},"end":{"line":60,"column":21}},{"start":{"line":60,"column":25},"end":{"line":60,"column":27}}]},"2":{"line":62,"type":"binary-expr","locations":[{"start":{"line":62,"column":22},"end":{"line":62,"column":39}},{"start":{"line":62,"column":43},"end":{"line":62,"column":46}}]},"3":{"line":63,"type":"binary-expr","locations":[{"start":{"line":63,"column":21},"end":{"line":63,"column":37}},{"start":{"line":63,"column":41},"end":{"line":63,"column":44}}]},"4":{"line":71,"type":"if","locations":[{"start":{"line":71,"column":4},"end":{"line":71,"column":4}},{"start":{"line":71,"column":4},"end":{"line":71,"column":4}}]},"5":{"line":75,"type":"if","locations":[{"start":{"line":75,"column":8},"end":{"line":75,"column":8}},{"start":{"line":75,"column":8},"end":{"line":75,"column":8}}]},"6":{"line":86,"type":"if","locations":[{"start":{"line":86,"column":4},"end":{"line":86,"column":4}},{"start":{"line":86,"column":4},"end":{"line":86,"column":4}}]},"7":{"line":98,"type":"if","locations":[{"start":{"line":98,"column":4},"end":{"line":98,"column":4}},{"start":{"line":98,"column":4},"end":{"line":98,"column":4}}]},"8":{"line":107,"type":"if","locations":[{"start":{"line":107,"column":4},"end":{"line":107,"column":4}},{"start":{"line":107,"column":4},"end":{"line":107,"column":4}}]},"9":{"line":129,"type":"if","locations":[{"start":{"line":129,"column":4},"end":{"line":129,"column":4}},{"start":{"line":129,"column":4},"end":{"line":129,"column":4}}]},"10":{"line":139,"type":"if","locations":[{"start":{"line":139,"column":4},"end":{"line":139,"column":4},"skip":true},{"start":{"line":139,"column":4},"end":{"line":139,"column":4}}]},"11":{"line":145,"type":"if","locations":[{"start":{"line":145,"column":4},"end":{"line":145,"column":4}},{"start":{"line":145,"column":4},"end":{"line":145,"column":4}}]},"12":{"line":145,"type":"binary-expr","locations":[{"start":{"line":145,"column":7},"end":{"line":145,"column":9}},{"start":{"line":145,"column":13},"end":{"line":145,"column":42}}]},"13":{"line":151,"type":"if","locations":[{"start":{"line":151,"column":4},"end":{"line":151,"column":4}},{"start":{"line":151,"column":4},"end":{"line":151,"column":4}}]},"14":{"line":151,"type":"binary-expr","locations":[{"start":{"line":151,"column":8},"end":{"line":151,"column":10}},{"start":{"line":151,"column":14},"end":{"line":151,"column":37}},{"start":{"line":151,"column":41},"end":{"line":151,"column":70}}]},"15":{"line":155,"type":"if","locations":[{"start":{"line":155,"column":4},"end":{"line":155,"column":4}},{"start":{"line":155,"column":4},"end":{"line":155,"column":4}}]},"16":{"line":160,"type":"if","locations":[{"start":{"line":160,"column":12},"end":{"line":160,"column":12}},{"start":{"line":160,"column":12},"end":{"line":160,"column":12}}]},"17":{"line":160,"type":"binary-expr","locations":[{"start":{"line":160,"column":16},"end":{"line":160,"column":37}},{"start":{"line":160,"column":41},"end":{"line":160,"column":61}},{"start":{"line":160,"column":65},"end":{"line":160,"column":103}}]}}}}