{"/home/vfrancois/github/qlobber-more/Gruntfile.js":{"path":"/home/vfrancois/github/qlobber-more/Gruntfile.js","s":{"1":1,"2":1,"3":2,"4":2,"5":3,"6":2,"7":2,"8":2,"9":1,"10":2,"11":2,"12":1,"13":1,"14":1,"15":1,"16":1,"17":1,"18":1,"19":1,"20":1,"21":1,"22":1,"23":1,"24":1,"25":1,"26":1,"27":1},"b":{"1":[2,1],"2":[1,1]},"f":{"1":2,"2":1},"fnMap":{"1":{"name":"(anonymous_1)","line":11,"loc":{"start":{"line":11,"column":21},"end":{"line":12,"column":0}}},"2":{"name":"(anonymous_2)","line":39,"loc":{"start":{"line":39,"column":17},"end":{"line":40,"column":0}}}},"statementMap":{"1":{"start":{"line":8,"column":0},"end":{"line":9,"column":39}},"2":{"start":{"line":11,"column":0},"end":{"line":33,"column":2}},"3":{"start":{"line":13,"column":4},"end":{"line":13,"column":51}},"4":{"start":{"line":15,"column":4},"end":{"line":30,"column":5}},"5":{"start":{"line":17,"column":8},"end":{"line":29,"column":9}},"6":{"start":{"line":19,"column":12},"end":{"line":19,"column":32}},"7":{"start":{"line":21,"column":12},"end":{"line":21,"column":33}},"8":{"start":{"line":23,"column":12},"end":{"line":26,"column":13}},"9":{"start":{"line":25,"column":16},"end":{"line":25,"column":47}},"10":{"start":{"line":28,"column":12},"end":{"line":28,"column":18}},"11":{"start":{"line":32,"column":4},"end":{"line":32,"column":48}},"12":{"start":{"line":36,"column":0},"end":{"line":36,"column":78}},"13":{"start":{"line":37,"column":0},"end":{"line":37,"column":96}},"14":{"start":{"line":39,"column":0},"end":{"line":99,"column":2}},"15":{"start":{"line":41,"column":4},"end":{"line":84,"column":7}},"16":{"start":{"line":86,"column":4},"end":{"line":86,"column":39}},"17":{"start":{"line":87,"column":4},"end":{"line":87,"column":43}},"18":{"start":{"line":88,"column":4},"end":{"line":88,"column":39}},"19":{"start":{"line":89,"column":4},"end":{"line":89,"column":37}},"20":{"start":{"line":91,"column":4},"end":{"line":91,"column":45}},"21":{"start":{"line":92,"column":4},"end":{"line":92,"column":44}},"22":{"start":{"line":93,"column":4},"end":{"line":93,"column":41}},"23":{"start":{"line":94,"column":4},"end":{"line":94,"column":71}},"24":{"start":{"line":95,"column":4},"end":{"line":95,"column":54}},"25":{"start":{"line":96,"column":4},"end":{"line":96,"column":46}},"26":{"start":{"line":97,"column":4},"end":{"line":97,"column":58}},"27":{"start":{"line":98,"column":4},"end":{"line":98,"column":59}}},"branchMap":{"1":{"line":17,"type":"if","locations":[{"start":{"line":17,"column":8},"end":{"line":17,"column":8}},{"start":{"line":17,"column":8},"end":{"line":17,"column":8}}]},"2":{"line":23,"type":"if","locations":[{"start":{"line":23,"column":12},"end":{"line":23,"column":12}},{"start":{"line":23,"column":12},"end":{"line":23,"column":12}}]}}},"/home/vfrancois/github/qlobber-more/index.js":{"path":"/home/vfrancois/github/qlobber-more/index.js","s":{"1":1},"b":{},"f":{},"fnMap":{},"statementMap":{"1":{"start":{"line":3,"column":0},"end":{"line":3,"column":42}}},"branchMap":{}},"/home/vfrancois/github/qlobber-more/lib/qlobber.js":{"path":"/home/vfrancois/github/qlobber-more/lib/qlobber.js","s":{"1":1,"2":8,"3":8,"4":8,"5":8,"6":1,"7":220,"8":220,"9":64,"10":64,"11":60,"12":64,"13":156,"14":156,"15":156,"16":83,"17":156,"18":1,"19":55,"20":55,"21":16,"22":16,"23":39,"24":39,"25":39,"26":2,"27":37,"28":37,"29":17,"30":20,"31":1,"32":177,"33":177,"34":25,"35":25,"36":152,"37":152,"38":0,"39":152,"40":152,"41":42,"42":110,"43":110,"44":14,"45":96,"46":10,"47":10,"48":16,"49":16,"50":4,"51":92,"52":1,"53":64,"54":64,"55":1,"56":18,"57":18,"58":1,"59":68,"60":1,"61":1,"62":1,"63":1,"64":3,"65":1},"b":{"1":[8,7],"2":[8,7],"3":[8,7],"4":[64,156],"5":[60,4],"6":[83,73],"7":[16,39],"8":[2,37],"9":[25,152],"10":[0,152],"11":[42,110],"12":[152,60],"13":[14,96],"14":[110,40,39],"15":[10,86],"16":[4,12],"17":[16,11,10]},"f":{"1":8,"2":220,"3":55,"4":177,"5":64,"6":18,"7":68,"8":1,"9":3},"fnMap":{"1":{"name":"Qlobber","line":113,"loc":{"start":{"line":113,"column":0},"end":{"line":114,"column":0}}},"2":{"name":"(anonymous_2)","line":122,"loc":{"start":{"line":122,"column":25},"end":{"line":123,"column":0}}},"3":{"name":"(anonymous_3)","line":149,"loc":{"start":{"line":149,"column":28},"end":{"line":150,"column":0}}},"4":{"name":"(anonymous_4)","line":179,"loc":{"start":{"line":179,"column":27},"end":{"line":180,"column":0}}},"5":{"name":"(anonymous_5)","line":234,"loc":{"start":{"line":234,"column":24},"end":{"line":235,"column":0}}},"6":{"name":"(anonymous_6)","line":247,"loc":{"start":{"line":247,"column":27},"end":{"line":248,"column":0}}},"7":{"name":"(anonymous_7)","line":259,"loc":{"start":{"line":259,"column":26},"end":{"line":260,"column":0}}},"8":{"name":"(anonymous_8)","line":271,"loc":{"start":{"line":271,"column":26},"end":{"line":272,"column":0}}},"9":{"name":"(anonymous_9)","line":278,"loc":{"start":{"line":278,"column":29},"end":{"line":279,"column":0}}}},"statementMap":{"1":{"start":{"line":113,"column":0},"end":{"line":120,"column":1}},"2":{"start":{"line":115,"column":4},"end":{"line":115,"column":28}},"3":{"start":{"line":117,"column":4},"end":{"line":117,"column":47}},"4":{"start":{"line":118,"column":4},"end":{"line":118,"column":49}},"5":{"start":{"line":119,"column":4},"end":{"line":119,"column":20}},"6":{"start":{"line":122,"column":0},"end":{"line":147,"column":2}},"7":{"start":{"line":124,"column":4},"end":{"line":124,"column":17}},"8":{"start":{"line":126,"column":4},"end":{"line":136,"column":5}},"9":{"start":{"line":128,"column":8},"end":{"line":128,"column":39}},"10":{"start":{"line":130,"column":8},"end":{"line":133,"column":9}},"11":{"start":{"line":132,"column":12},"end":{"line":132,"column":45}},"12":{"start":{"line":135,"column":8},"end":{"line":135,"column":15}},"13":{"start":{"line":138,"column":4},"end":{"line":138,"column":20}},"14":{"start":{"line":139,"column":4},"end":{"line":139,"column":24}},"15":{"start":{"line":141,"column":4},"end":{"line":144,"column":5}},"16":{"start":{"line":143,"column":8},"end":{"line":143,"column":33}},"17":{"start":{"line":146,"column":4},"end":{"line":146,"column":32}},"18":{"start":{"line":149,"column":0},"end":{"line":177,"column":2}},"19":{"start":{"line":151,"column":4},"end":{"line":151,"column":17}},"20":{"start":{"line":153,"column":4},"end":{"line":157,"column":5}},"21":{"start":{"line":155,"column":8},"end":{"line":155,"column":41}},"22":{"start":{"line":156,"column":8},"end":{"line":156,"column":15}},"23":{"start":{"line":159,"column":4},"end":{"line":159,"column":20}},"24":{"start":{"line":160,"column":4},"end":{"line":160,"column":24}},"25":{"start":{"line":162,"column":4},"end":{"line":165,"column":5}},"26":{"start":{"line":164,"column":8},"end":{"line":164,"column":15}},"27":{"start":{"line":167,"column":4},"end":{"line":167,"column":35}},"28":{"start":{"line":170,"column":4},"end":{"line":173,"column":5}},"29":{"start":{"line":172,"column":8},"end":{"line":172,"column":15}},"30":{"start":{"line":176,"column":4},"end":{"line":176,"column":26}},"31":{"start":{"line":179,"column":0},"end":{"line":223,"column":2}},"32":{"start":{"line":182,"column":4},"end":{"line":182,"column":29}},"33":{"start":{"line":185,"column":4},"end":{"line":190,"column":5}},"34":{"start":{"line":187,"column":8},"end":{"line":187,"column":39}},"35":{"start":{"line":189,"column":8},"end":{"line":189,"column":32}},"36":{"start":{"line":192,"column":4},"end":{"line":192,"column":20}},"37":{"start":{"line":195,"column":4},"end":{"line":197,"column":5}},"38":{"start":{"line":196,"column":8},"end":{"line":196,"column":21},"skip":true},"39":{"start":{"line":199,"column":4},"end":{"line":199,"column":24}},"40":{"start":{"line":201,"column":4},"end":{"line":203,"column":5}},"41":{"start":{"line":202,"column":8},"end":{"line":202,"column":20}},"42":{"start":{"line":205,"column":4},"end":{"line":205,"column":34}},"43":{"start":{"line":207,"column":4},"end":{"line":209,"column":5}},"44":{"start":{"line":208,"column":8},"end":{"line":208,"column":20}},"45":{"start":{"line":211,"column":4},"end":{"line":220,"column":5}},"46":{"start":{"line":212,"column":8},"end":{"line":212,"column":37}},"47":{"start":{"line":213,"column":8},"end":{"line":219,"column":9}},"48":{"start":{"line":215,"column":12},"end":{"line":215,"column":24}},"49":{"start":{"line":216,"column":12},"end":{"line":218,"column":13}},"50":{"start":{"line":217,"column":16},"end":{"line":217,"column":28}},"51":{"start":{"line":222,"column":4},"end":{"line":222,"column":17}},"52":{"start":{"line":234,"column":0},"end":{"line":238,"column":2}},"53":{"start":{"line":236,"column":4},"end":{"line":236,"column":59}},"54":{"start":{"line":237,"column":4},"end":{"line":237,"column":16}},"55":{"start":{"line":247,"column":0},"end":{"line":251,"column":2}},"56":{"start":{"line":249,"column":4},"end":{"line":249,"column":62}},"57":{"start":{"line":250,"column":4},"end":{"line":250,"column":16}},"58":{"start":{"line":259,"column":0},"end":{"line":262,"column":2}},"59":{"start":{"line":261,"column":4},"end":{"line":261,"column":68}},"60":{"start":{"line":271,"column":0},"end":{"line":275,"column":2}},"61":{"start":{"line":273,"column":4},"end":{"line":273,"column":20}},"62":{"start":{"line":274,"column":4},"end":{"line":274,"column":16}},"63":{"start":{"line":278,"column":0},"end":{"line":281,"column":2}},"64":{"start":{"line":280,"column":4},"end":{"line":280,"column":22}},"65":{"start":{"line":283,"column":0},"end":{"line":283,"column":26}}},"branchMap":{"1":{"line":115,"type":"binary-expr","locations":[{"start":{"line":115,"column":14},"end":{"line":115,"column":21}},{"start":{"line":115,"column":25},"end":{"line":115,"column":27}}]},"2":{"line":117,"type":"binary-expr","locations":[{"start":{"line":117,"column":22},"end":{"line":117,"column":39}},{"start":{"line":117,"column":43},"end":{"line":117,"column":46}}]},"3":{"line":118,"type":"binary-expr","locations":[{"start":{"line":118,"column":21},"end":{"line":118,"column":41}},{"start":{"line":118,"column":45},"end":{"line":118,"column":48}}]},"4":{"line":126,"type":"if","locations":[{"start":{"line":126,"column":4},"end":{"line":126,"column":4}},{"start":{"line":126,"column":4},"end":{"line":126,"column":4}}]},"5":{"line":130,"type":"if","locations":[{"start":{"line":130,"column":8},"end":{"line":130,"column":8}},{"start":{"line":130,"column":8},"end":{"line":130,"column":8}}]},"6":{"line":141,"type":"if","locations":[{"start":{"line":141,"column":4},"end":{"line":141,"column":4}},{"start":{"line":141,"column":4},"end":{"line":141,"column":4}}]},"7":{"line":153,"type":"if","locations":[{"start":{"line":153,"column":4},"end":{"line":153,"column":4}},{"start":{"line":153,"column":4},"end":{"line":153,"column":4}}]},"8":{"line":162,"type":"if","locations":[{"start":{"line":162,"column":4},"end":{"line":162,"column":4}},{"start":{"line":162,"column":4},"end":{"line":162,"column":4}}]},"9":{"line":185,"type":"if","locations":[{"start":{"line":185,"column":4},"end":{"line":185,"column":4}},{"start":{"line":185,"column":4},"end":{"line":185,"column":4}}]},"10":{"line":195,"type":"if","locations":[{"start":{"line":195,"column":4},"end":{"line":195,"column":4},"skip":true},{"start":{"line":195,"column":4},"end":{"line":195,"column":4}}]},"11":{"line":201,"type":"if","locations":[{"start":{"line":201,"column":4},"end":{"line":201,"column":4}},{"start":{"line":201,"column":4},"end":{"line":201,"column":4}}]},"12":{"line":201,"type":"binary-expr","locations":[{"start":{"line":201,"column":7},"end":{"line":201,"column":9}},{"start":{"line":201,"column":13},"end":{"line":201,"column":42}}]},"13":{"line":207,"type":"if","locations":[{"start":{"line":207,"column":4},"end":{"line":207,"column":4}},{"start":{"line":207,"column":4},"end":{"line":207,"column":4}}]},"14":{"line":207,"type":"binary-expr","locations":[{"start":{"line":207,"column":8},"end":{"line":207,"column":10}},{"start":{"line":207,"column":14},"end":{"line":207,"column":37}},{"start":{"line":207,"column":41},"end":{"line":207,"column":70}}]},"15":{"line":211,"type":"if","locations":[{"start":{"line":211,"column":4},"end":{"line":211,"column":4}},{"start":{"line":211,"column":4},"end":{"line":211,"column":4}}]},"16":{"line":216,"type":"if","locations":[{"start":{"line":216,"column":12},"end":{"line":216,"column":12}},{"start":{"line":216,"column":12},"end":{"line":216,"column":12}}]},"17":{"line":216,"type":"binary-expr","locations":[{"start":{"line":216,"column":16},"end":{"line":216,"column":37}},{"start":{"line":216,"column":41},"end":{"line":216,"column":61}},{"start":{"line":216,"column":65},"end":{"line":216,"column":103}}]}}}}