TN:
SF:/home/vfrancois/github/myqlobber/Gruntfile.js
FN:11,(anonymous_1)
FN:39,(anonymous_2)
FNF:2
FNH:2
FNDA:2,(anonymous_1)
FNDA:1,(anonymous_2)
DA:8,1
DA:11,1
DA:13,2
DA:15,2
DA:17,3
DA:19,2
DA:21,2
DA:23,2
DA:25,1
DA:28,2
DA:32,2
DA:36,1
DA:37,1
DA:39,1
DA:41,1
DA:86,1
DA:87,1
DA:88,1
DA:89,1
DA:91,1
DA:92,1
DA:93,1
DA:94,1
DA:95,1
DA:96,1
DA:97,1
DA:98,1
LF:27
LH:27
BRDA:17,1,0,2
BRDA:17,1,1,1
BRDA:23,2,0,1
BRDA:23,2,1,1
BRF:4
BRH:4
end_of_record
TN:
SF:/home/vfrancois/github/myqlobber/index.js
FNF:0
FNH:0
DA:3,1
LF:1
LH:1
BRF:0
BRH:0
end_of_record
TN:
SF:/home/vfrancois/github/myqlobber/lib/qlobber.js
FN:58,Qlobber
FN:67,(anonymous_2)
FN:94,(anonymous_3)
FN:124,(anonymous_4)
FN:175,(anonymous_5)
FN:187,(anonymous_6)
FN:199,(anonymous_7)
FN:211,(anonymous_8)
FN:218,(anonymous_9)
FNF:9
FNH:9
FNDA:9,Qlobber
FNDA:232,(anonymous_2)
FNDA:55,(anonymous_3)
FNDA:206,(anonymous_4)
FNDA:67,(anonymous_5)
FNDA:18,(anonymous_6)
FNDA:76,(anonymous_7)
FNDA:1,(anonymous_8)
FNDA:3,(anonymous_9)
DA:58,1
DA:60,9
DA:62,9
DA:63,9
DA:64,9
DA:67,1
DA:69,232
DA:71,232
DA:73,67
DA:75,67
DA:77,63
DA:80,67
DA:83,165
DA:84,165
DA:86,165
DA:88,91
DA:91,165
DA:94,1
DA:96,55
DA:98,55
DA:100,16
DA:101,16
DA:104,39
DA:105,39
DA:107,39
DA:109,2
DA:112,37
DA:115,37
DA:117,17
DA:121,20
DA:124,1
DA:126,206
DA:129,206
DA:131,31
DA:133,31
DA:136,175
DA:139,175
DA:140,1
DA:143,175
DA:145,175
DA:146,50
DA:149,125
DA:151,125
DA:152,20
DA:155,105
DA:156,11
DA:157,11
DA:159,17
DA:160,17
DA:161,5
DA:166,100
DA:175,1
DA:177,67
DA:178,67
DA:187,1
DA:189,18
DA:190,18
DA:199,1
DA:201,76
DA:211,1
DA:213,1
DA:214,1
DA:218,1
DA:220,3
DA:223,1
LF:65
LH:65
BRDA:60,1,0,9
BRDA:60,1,1,8
BRDA:62,2,0,9
BRDA:62,2,1,8
BRDA:63,3,0,9
BRDA:63,3,1,8
BRDA:71,4,0,67
BRDA:71,4,1,165
BRDA:75,5,0,63
BRDA:75,5,1,4
BRDA:86,6,0,91
BRDA:86,6,1,74
BRDA:98,7,0,16
BRDA:98,7,1,39
BRDA:107,8,0,2
BRDA:107,8,1,37
BRDA:129,9,0,31
BRDA:129,9,1,175
BRDA:139,10,0,0
BRDA:139,10,1,175
BRDA:145,11,0,50
BRDA:145,11,1,125
BRDA:145,12,0,175
BRDA:145,12,1,69
BRDA:151,13,0,20
BRDA:151,13,1,105
BRDA:151,14,0,125
BRDA:151,14,1,51
BRDA:151,14,2,50
BRDA:155,15,0,11
BRDA:155,15,1,94
BRDA:160,16,0,5
BRDA:160,16,1,12
BRDA:160,17,0,17
BRDA:160,17,1,12
BRDA:160,17,2,11
BRF:36
BRH:36
end_of_record
