TN:
SF:/home/vfrancois/github/qlobber-more/Gruntfile.js
FN:11,(anonymous_1)
FN:39,(anonymous_2)
FNF:2
FNH:2
FNDA:2,(anonymous_1)
FNDA:1,(anonymous_2)
DA:8,1
DA:11,1
DA:13,2
DA:15,2
DA:17,3
DA:19,2
DA:21,2
DA:23,2
DA:25,1
DA:28,2
DA:32,2
DA:36,1
DA:37,1
DA:39,1
DA:41,1
DA:86,1
DA:87,1
DA:88,1
DA:89,1
DA:91,1
DA:92,1
DA:93,1
DA:94,1
DA:95,1
DA:96,1
DA:97,1
DA:98,1
LF:27
LH:27
BRDA:17,1,0,2
BRDA:17,1,1,1
BRDA:23,2,0,1
BRDA:23,2,1,1
BRF:4
BRH:4
end_of_record
TN:
SF:/home/vfrancois/github/qlobber-more/index.js
FNF:0
FNH:0
DA:3,1
LF:1
LH:1
BRF:0
BRH:0
end_of_record
TN:
SF:/home/vfrancois/github/qlobber-more/lib/qlobber.js
FN:113,Qlobber
FN:122,(anonymous_2)
FN:149,(anonymous_3)
FN:179,(anonymous_4)
FN:234,(anonymous_5)
FN:247,(anonymous_6)
FN:259,(anonymous_7)
FN:271,(anonymous_8)
FN:278,(anonymous_9)
FNF:9
FNH:9
FNDA:8,Qlobber
FNDA:220,(anonymous_2)
FNDA:55,(anonymous_3)
FNDA:177,(anonymous_4)
FNDA:64,(anonymous_5)
FNDA:18,(anonymous_6)
FNDA:68,(anonymous_7)
FNDA:1,(anonymous_8)
FNDA:3,(anonymous_9)
DA:113,1
DA:115,8
DA:117,8
DA:118,8
DA:119,8
DA:122,1
DA:124,220
DA:126,220
DA:128,64
DA:130,64
DA:132,60
DA:135,64
DA:138,156
DA:139,156
DA:141,156
DA:143,83
DA:146,156
DA:149,1
DA:151,55
DA:153,55
DA:155,16
DA:156,16
DA:159,39
DA:160,39
DA:162,39
DA:164,2
DA:167,37
DA:170,37
DA:172,17
DA:176,20
DA:179,1
DA:182,177
DA:185,177
DA:187,25
DA:189,25
DA:192,152
DA:195,152
DA:196,1
DA:199,152
DA:201,152
DA:202,42
DA:205,110
DA:207,110
DA:208,14
DA:211,96
DA:212,10
DA:213,10
DA:215,16
DA:216,16
DA:217,4
DA:222,92
DA:234,1
DA:236,64
DA:237,64
DA:247,1
DA:249,18
DA:250,18
DA:259,1
DA:261,68
DA:271,1
DA:273,1
DA:274,1
DA:278,1
DA:280,3
DA:283,1
LF:65
LH:65
BRDA:115,1,0,8
BRDA:115,1,1,7
BRDA:117,2,0,8
BRDA:117,2,1,7
BRDA:118,3,0,8
BRDA:118,3,1,7
BRDA:126,4,0,64
BRDA:126,4,1,156
BRDA:130,5,0,60
BRDA:130,5,1,4
BRDA:141,6,0,83
BRDA:141,6,1,73
BRDA:153,7,0,16
BRDA:153,7,1,39
BRDA:162,8,0,2
BRDA:162,8,1,37
BRDA:185,9,0,25
BRDA:185,9,1,152
BRDA:195,10,0,0
BRDA:195,10,1,152
BRDA:201,11,0,42
BRDA:201,11,1,110
BRDA:201,12,0,152
BRDA:201,12,1,60
BRDA:207,13,0,14
BRDA:207,13,1,96
BRDA:207,14,0,110
BRDA:207,14,1,40
BRDA:207,14,2,39
BRDA:211,15,0,10
BRDA:211,15,1,86
BRDA:216,16,0,4
BRDA:216,16,1,12
BRDA:216,17,0,16
BRDA:216,17,1,11
BRDA:216,17,2,10
BRF:36
BRH:36
end_of_record
